<?xml version="1.0" encoding="UTF-8"?>
<!-- Generated by org.testng.reporters.JUnitReportReporter -->
<testsuite skipped="0" hostname="Hamza-PC" name="cgi.qa.appiumtest.cgi.qa.appiumartitest.SplashScreenTest" tests="2" failures="0" timestamp="20 Dec 2018 06:13:25 GMT" time="58.531" errors="0">
  <testcase name="startUp" time="14.061" classname="cgi.qa.appiumtest.cgi.qa.appiumartitest.SplashScreenTest"/>
  <testcase name="appOpens" time="44.470" classname="cgi.qa.appiumtest.cgi.qa.appiumartitest.SplashScreenTest"/>
</testsuite> <!-- cgi.qa.appiumtest.cgi.qa.appiumartitest.SplashScreenTest -->
